<?xml version="1.0" encoding="UTF-8"?>
<!-- Generated by org.testng.reporters.JUnitXMLReporter -->
<testsuite hostname="SRBPC-VLADIMIRM" name="Default test" tests="1" failures="1" timestamp="11 Feb 2016 08:52:38 GMT" time="0.693" errors="0">
  <testcase name="testSearchReturnsResults" time="0.678" classname="Banking.AppTest">
    <failure type="org.openqa.selenium.UnsupportedCommandException" message="&amp;lt;html&amp;gt;
&amp;lt;head&amp;gt;
&amp;lt;meta http-equiv=&amp;quot;Content-Type&amp;quot; content=&amp;quot;text/html; charset=ISO-8859-1&amp;quot;/&amp;gt;
&amp;lt;title&amp;gt;Error 404 Not Found&amp;lt;/title&amp;gt;
&amp;lt;/head&amp;gt;
&amp;lt;body&amp;gt;&amp;lt;h2&amp;gt;HTTP ERROR 404&amp;lt;/h2&amp;gt;
&amp;lt;p&amp;gt;Problem accessing /session. Reason:
&amp;lt;pre&amp;gt;    Not Found&amp;lt;/pre&amp;gt;&amp;lt;/p&amp;gt;&amp;lt;hr /&amp;gt;&amp;lt;i&amp;gt;&amp;lt;small&amp;gt;Powered by Jetty://&amp;lt;/small&amp;gt;&amp;lt;/i&amp;gt;&amp;lt;br/&amp;gt;                                                
&amp;lt;br/&amp;gt;                                                
&amp;lt;br/&amp;gt;                                                
&amp;lt;br/&amp;gt;                                                
&amp;lt;br/&amp;gt;                                                
&amp;lt;br/&amp;gt;                                                
&amp;lt;br/&amp;gt;                                                
&amp;lt;br/&amp;gt;                                                
&amp;lt;br/&amp;gt;                                                
&amp;lt;br/&amp;gt;                                                
&amp;lt;br/&amp;gt;                                                
&amp;lt;br/&amp;gt;                                                
&amp;lt;br/&amp;gt;                                                
&amp;lt;br/&amp;gt;                                                
&amp;lt;br/&amp;gt;                                                
&amp;lt;br/&amp;gt;                                                
&amp;lt;br/&amp;gt;                                                
&amp;lt;br/&amp;gt;                                                
&amp;lt;br/&amp;gt;                                                
&amp;lt;br/&amp;gt;                                                

&amp;lt;/body&amp;gt;
&amp;lt;/html&amp;gt;
Command duration or timeout: 472 milliseconds
Build info: version: &amp;apos;2.44.0&amp;apos;, revision: &amp;apos;76d78cf323ce037c5f92db6c1bba601c2ac43ad8&amp;apos;, time: &amp;apos;2014-10-23 13:11:40&amp;apos;
System info: host: &amp;apos;SRBPC-VLADIMIRM&amp;apos;, ip: &amp;apos;10.240.12.35&amp;apos;, os.name: &amp;apos;Windows 7&amp;apos;, os.arch: &amp;apos;x86&amp;apos;, os.version: &amp;apos;6.1&amp;apos;, java.version: &amp;apos;1.8.0_66&amp;apos;
Driver info: org.openqa.selenium.remote.RemoteWebDriver">
      <![CDATA[org.openqa.selenium.UnsupportedCommandException: <html>
<head>
<meta http-equiv="Content-Type" content="text/html; charset=ISO-8859-1"/>
<title>Error 404 Not Found</title>
</head>
<body><h2>HTTP ERROR 404</h2>
<p>Problem accessing /session. Reason:
<pre>    Not Found</pre></p><hr /><i><small>Powered by Jetty://</small></i><br/>                                                
<br/>                                                
<br/>                                                
<br/>                                                
<br/>                                                
<br/>                                                
<br/>                                                
<br/>                                                
<br/>                                                
<br/>                                                
<br/>                                                
<br/>                                                
<br/>                                                
<br/>                                                
<br/>                                                
<br/>                                                
<br/>                                                
<br/>                                                
<br/>                                                
<br/>                                                

</body>
</html>
Command duration or timeout: 472 milliseconds
Build info: version: '2.44.0', revision: '76d78cf323ce037c5f92db6c1bba601c2ac43ad8', time: '2014-10-23 13:11:40'
System info: host: 'SRBPC-VLADIMIRM', ip: '10.240.12.35', os.name: 'Windows 7', os.arch: 'x86', os.version: '6.1', java.version: '1.8.0_66'
Driver info: org.openqa.selenium.remote.RemoteWebDriver
	at sun.reflect.NativeConstructorAccessorImpl.newInstance0(Native Method)
	at sun.reflect.NativeConstructorAccessorImpl.newInstance(NativeConstructorAccessorImpl.java:62)
	at sun.reflect.DelegatingConstructorAccessorImpl.newInstance(DelegatingConstructorAccessorImpl.java:45)
	at java.lang.reflect.Constructor.newInstance(Constructor.java:422)
	at org.openqa.selenium.remote.ErrorHandler.createThrowable(ErrorHandler.java:204)
	at org.openqa.selenium.remote.ErrorHandler.throwIfResponseFailed(ErrorHandler.java:156)
	at org.openqa.selenium.remote.RemoteWebDriver.execute(RemoteWebDriver.java:599)
	at org.openqa.selenium.remote.RemoteWebDriver.startSession(RemoteWebDriver.java:240)
	at org.openqa.selenium.remote.RemoteWebDriver.<init>(RemoteWebDriver.java:126)
	at org.openqa.selenium.remote.RemoteWebDriver.<init>(RemoteWebDriver.java:153)
	at Banking.AppTest.testSearchReturnsResults(AppTest.java:30)
	at sun.reflect.NativeMethodAccessorImpl.invoke0(Native Method)
	at sun.reflect.NativeMethodAccessorImpl.invoke(NativeMethodAccessorImpl.java:62)
	at sun.reflect.DelegatingMethodAccessorImpl.invoke(DelegatingMethodAccessorImpl.java:43)
	at java.lang.reflect.Method.invoke(Method.java:497)
	at org.testng.internal.MethodInvocationHelper.invokeMethod(MethodInvocationHelper.java:86)
	at org.testng.internal.Invoker.invokeMethod(Invoker.java:643)
	at org.testng.internal.Invoker.invokeTestMethod(Invoker.java:820)
	at org.testng.internal.Invoker.invokeTestMethods(Invoker.java:1128)
	at org.testng.internal.TestMethodWorker.invokeTestMethods(TestMethodWorker.java:129)
	at org.testng.internal.TestMethodWorker.run(TestMethodWorker.java:112)
	at org.testng.TestRunner.privateRun(TestRunner.java:782)
	at org.testng.TestRunner.run(TestRunner.java:632)
	at org.testng.SuiteRunner.runTest(SuiteRunner.java:366)
	at org.testng.SuiteRunner.runSequentially(SuiteRunner.java:361)
	at org.testng.SuiteRunner.privateRun(SuiteRunner.java:319)
	at org.testng.SuiteRunner.run(SuiteRunner.java:268)
	at org.testng.SuiteRunnerWorker.runSuite(SuiteRunnerWorker.java:52)
	at org.testng.SuiteRunnerWorker.run(SuiteRunnerWorker.java:86)
	at org.testng.TestNG.runSuitesSequentially(TestNG.java:1244)
	at org.testng.TestNG.runSuitesLocally(TestNG.java:1169)
	at org.testng.TestNG.run(TestNG.java:1064)
	at org.testng.remote.RemoteTestNG.run(RemoteTestNG.java:113)
	at org.testng.remote.RemoteTestNG.initAndRun(RemoteTestNG.java:206)
	at org.testng.remote.RemoteTestNG.main(RemoteTestNG.java:177)
]]>
    </failure>
  </testcase> <!-- testSearchReturnsResults -->
</testsuite> <!-- Default test -->
