<?xml version="1.0" encoding="UTF-8"?>
<!-- Generated by org.testng.reporters.JUnitReportReporter -->
<testsuite hostname="SRBPC-VLADIMIRM" name="Banking.AppTest" tests="1" failures="0" timestamp="11 Feb 2016 08:52:38 GMT" time="0.678" errors="1">
  <testcase name="testSearchReturnsResults" time="0.678" classname="Banking.AppTest">
    <error type="org.openqa.selenium.UnsupportedCommandException" message="&lt;html&gt;
&lt;head&gt;
&lt;meta http-equiv=&quot;Content-Type&quot; content=&quot;text/html; charset=ISO-8859-1&quot;/&gt;
&lt;title&gt;Error 404 Not Found&lt;/title&gt;
&lt;/head&gt;
&lt;body&gt;&lt;h2&gt;HTTP ERROR 404&lt;/h2&gt;
&lt;p&gt;Problem accessing /session. Reason:
&lt;pre&gt;    Not Found&lt;/pre&gt;&lt;/p&gt;&lt;hr /&gt;&lt;i&gt;&lt;small&gt;Powered by Jetty://&lt;/small&gt;&lt;/i&gt;&lt;br/&gt;                                                
&lt;br/&gt;                                                
&lt;br/&gt;                                                
&lt;br/&gt;                                                
&lt;br/&gt;                                                
&lt;br/&gt;                                                
&lt;br/&gt;                                                
&lt;br/&gt;                                                
&lt;br/&gt;                                                
&lt;br/&gt;                                                
&lt;br/&gt;                                                
&lt;br/&gt;                                                
&lt;br/&gt;                                                
&lt;br/&gt;                                                
&lt;br/&gt;                                                
&lt;br/&gt;                                                
&lt;br/&gt;                                                
&lt;br/&gt;                                                
&lt;br/&gt;                                                
&lt;br/&gt;                                                

&lt;/body&gt;
&lt;/html&gt;
Command duration or timeout: 472 milliseconds
Build info: version: &#039;2.44.0&#039;, revision: &#039;76d78cf323ce037c5f92db6c1bba601c2ac43ad8&#039;, time: &#039;2014-10-23 13:11:40&#039;
System info: host: &#039;SRBPC-VLADIMIRM&#039;, ip: &#039;10.240.12.35&#039;, os.name: &#039;Windows 7&#039;, os.arch: &#039;x86&#039;, os.version: &#039;6.1&#039;, java.version: &#039;1.8.0_66&#039;
Driver info: org.openqa.selenium.remote.RemoteWebDriver">
      <![CDATA[org.openqa.selenium.UnsupportedCommandException: <html>
<head>
<meta http-equiv="Content-Type" content="text/html; charset=ISO-8859-1"/>
<title>Error 404 Not Found</title>
</head>
<body><h2>HTTP ERROR 404</h2>
<p>Problem accessing /session. Reason:
<pre>    Not Found</pre></p><hr /><i><small>Powered by Jetty://</small></i><br/>                                                
<br/>                                                
<br/>                                                
<br/>                                                
<br/>                                                
<br/>                                                
<br/>                                                
<br/>                                                
<br/>                                                
<br/>                                                
<br/>                                                
<br/>                                                
<br/>                                                
<br/>                                                
<br/>                                                
<br/>                                                
<br/>                                                
<br/>                                                
<br/>                                                
<br/>                                                

</body>
</html>
Command duration or timeout: 472 milliseconds
Build info: version: '2.44.0', revision: '76d78cf323ce037c5f92db6c1bba601c2ac43ad8', time: '2014-10-23 13:11:40'
System info: host: 'SRBPC-VLADIMIRM', ip: '10.240.12.35', os.name: 'Windows 7', os.arch: 'x86', os.version: '6.1', java.version: '1.8.0_66'
Driver info: org.openqa.selenium.remote.RemoteWebDriver
	at sun.reflect.NativeConstructorAccessorImpl.newInstance0(Native Method)
	at sun.reflect.NativeConstructorAccessorImpl.newInstance(NativeConstructorAccessorImpl.java:62)
	at sun.reflect.DelegatingConstructorAccessorImpl.newInstance(DelegatingConstructorAccessorImpl.java:45)
	at java.lang.reflect.Constructor.newInstance(Constructor.java:422)
	at org.openqa.selenium.remote.ErrorHandler.createThrowable(ErrorHandler.java:204)
	at org.openqa.selenium.remote.ErrorHandler.throwIfResponseFailed(ErrorHandler.java:156)
	at org.openqa.selenium.remote.RemoteWebDriver.execute(RemoteWebDriver.java:599)
	at org.openqa.selenium.remote.RemoteWebDriver.startSession(RemoteWebDriver.java:240)
	at org.openqa.selenium.remote.RemoteWebDriver.<init>(RemoteWebDriver.java:126)
	at org.openqa.selenium.remote.RemoteWebDriver.<init>(RemoteWebDriver.java:153)
	at Banking.AppTest.testSearchReturnsResults(AppTest.java:30)
	at sun.reflect.NativeMethodAccessorImpl.invoke0(Native Method)
	at sun.reflect.NativeMethodAccessorImpl.invoke(NativeMethodAccessorImpl.java:62)
	at sun.reflect.DelegatingMethodAccessorImpl.invoke(DelegatingMethodAccessorImpl.java:43)
	at java.lang.reflect.Method.invoke(Method.java:497)
	at org.testng.internal.MethodInvocationHelper.invokeMethod(MethodInvocationHelper.java:86)
	at org.testng.internal.Invoker.invokeMethod(Invoker.java:643)
	at org.testng.internal.Invoker.invokeTestMethod(Invoker.java:820)
	at org.testng.internal.Invoker.invokeTestMethods(Invoker.java:1128)
	at org.testng.internal.TestMethodWorker.invokeTestMethods(TestMethodWorker.java:129)
	at org.testng.internal.TestMethodWorker.run(TestMethodWorker.java:112)
	at org.testng.TestRunner.privateRun(TestRunner.java:782)
	at org.testng.TestRunner.run(TestRunner.java:632)
	at org.testng.SuiteRunner.runTest(SuiteRunner.java:366)
	at org.testng.SuiteRunner.runSequentially(SuiteRunner.java:361)
	at org.testng.SuiteRunner.privateRun(SuiteRunner.java:319)
	at org.testng.SuiteRunner.run(SuiteRunner.java:268)
	at org.testng.SuiteRunnerWorker.runSuite(SuiteRunnerWorker.java:52)
	at org.testng.SuiteRunnerWorker.run(SuiteRunnerWorker.java:86)
	at org.testng.TestNG.runSuitesSequentially(TestNG.java:1244)
	at org.testng.TestNG.runSuitesLocally(TestNG.java:1169)
	at org.testng.TestNG.run(TestNG.java:1064)
	at org.testng.remote.RemoteTestNG.run(RemoteTestNG.java:113)
	at org.testng.remote.RemoteTestNG.initAndRun(RemoteTestNG.java:206)
	at org.testng.remote.RemoteTestNG.main(RemoteTestNG.java:177)
]]>
    </error>
  </testcase> <!-- testSearchReturnsResults -->
</testsuite> <!-- Banking.AppTest -->
